<?xml version="1.0" encoding="UTF-8"?>
<!-- Generated by org.testng.reporters.JUnitXMLReporter -->
<testsuite ignored="0" hostname="DESKTOP-V4U71TT" failures="0" tests="3" name="Default test" time="63.485" errors="0" timestamp="2023-04-08T09:04:24 IST">
  <testcase classname="common_tests.basetest" name="login_to_app" time="26.382"/>
  <testcase classname="tasks_tests.task_verification" name="createtask" time="32.508"/>
  <testcase classname="common_tests.basetest" name="logout" time="4.501"/>
</testsuite> <!-- Default test -->
