<?xml version="1.0" encoding="UTF-8"?>
<testng-results ignored="0" total="3" passed="3" failed="0" skipped="0">
  <reporter-output>
  </reporter-output>
  <suite started-at="2023-04-08T09:03:20 IST" name="Default suite" finished-at="2023-04-08T09:04:23 IST" duration-ms="63485">
    <groups>
    </groups>
    <test started-at="2023-04-08T09:03:20 IST" name="Default test" finished-at="2023-04-08T09:04:23 IST" duration-ms="63485">
      <class name="tasks_tests.task_verification">
        <test-method signature="login_to_app()[pri:0, instance:tasks_tests.task_verification@393671df]" started-at="2023-04-08T09:03:20 IST" name="login_to_app" finished-at="2023-04-08T09:03:46 IST" duration-ms="26382" status="PASS">
          <reporter-output>
          </reporter-output>
        </test-method> <!-- login_to_app -->
        <test-method signature="createtask()[pri:2, instance:tasks_tests.task_verification@393671df]" started-at="2023-04-08T09:03:46 IST" name="createtask" finished-at="2023-04-08T09:04:19 IST" duration-ms="32508" status="PASS">
          <reporter-output>
          </reporter-output>
        </test-method> <!-- createtask -->
        <test-method signature="logout()[pri:3, instance:tasks_tests.task_verification@393671df]" started-at="2023-04-08T09:04:19 IST" name="logout" finished-at="2023-04-08T09:04:23 IST" duration-ms="4501" status="PASS">
          <reporter-output>
          </reporter-output>
        </test-method> <!-- logout -->
      </class> <!-- tasks_tests.task_verification -->
    </test> <!-- Default test -->
  </suite> <!-- Default suite -->
</testng-results>
